Arguments: 
  C:\Program Files\nodejs\node.exe C:\Users\Peter\AppData\Roaming\npm\node_modules\yarn\bin\yarn.js init

PATH: 
  C:\Program Files\Common Files\Oracle\Java\javapath;C:\Program Files (x86)\Common Files\Oracle\Java\javapath;C:\WINDOWS\system32;C:\WINDOWS;C:\WINDOWS\System32\Wbem;C:\WINDOWS\System32\WindowsPowerShell\v1.0\;C:\WINDOWS\System32\OpenSSH\;C:\Program Files\Git\cmd;C:\Program Files\dotnet\;C:\xampp\php;C:\Program Files\Microsoft SQL Server\Client SDK\ODBC\170\Tools\Binn\;C:\Program Files (x86)\Microsoft SQL Server\150\Tools\Binn\;C:\Program Files\Microsoft SQL Server\150\Tools\Binn\;C:\Program Files\Microsoft SQL Server\150\DTS\Binn\;C:\Program Files\Docker\Docker\resources\bin;C:\ProgramData\DockerDesktop\version-bin;C:\xampps\php;C:\ProgramData\ComposerSetup\bin;C:\Program Files\nodejs\;C:\RailsInstaller\Git\cmd;C:\RailsInstaller\Ruby2.3.3\bin;C:\Program Files\MySQL\MySQL Shell 8.0\bin\;C:\Users\Peter\AppData\Local\Microsoft\WindowsApps;C:\Users\Peter\.deno\bin;C:\Users\Peter\go\bin;C:\Users\Peter\Documents\flutter\flutter\bin;C:\Users\Peter\AppData\Local\Programs\Microsoft VS Code\bin;C:\Users\Peter\.dotnet\tools;C:\Users\Peter\AppData\Local\atom\bin;C:\Users\Peter\.dotnet\tools;C:\Program Files (x86)\GitHub CLI\;C:\Program Files\heroku\bin;C:\Users\Peter\AppData\Local\Microsoft\WindowsApps;C:\Users\Peter\AppData\Roaming\Composer\vendor\bin;C:\Users\Peter\AppData\Local\Programs\Hyper\resources\bin;C:\Users\Peter\AppData\Roaming\npm;C:\Users\Peter\.fly\bin

Yarn version: 
  1.22.19

Node version: 
  19.8.1

Platform: 
  win32 x64

Trace: 
  Error: canceled
      at Interface.<anonymous> (C:\Users\Peter\AppData\Roaming\npm\node_modules\yarn\lib\cli.js:137150:13)
      at Interface.emit (node:events:512:28)
      at [_ttyWrite] [as _ttyWrite] (node:internal/readline/interface:1132:18)
      at ReadStream.onkeypress (node:internal/readline/interface:271:20)
      at ReadStream.emit (node:events:512:28)
      at emitKeys (node:internal/readline/utils:357:14)
      at emitKeys.next (<anonymous>)
      at ReadStream.onData (node:internal/readline/emitKeypressEvents:64:36)
      at ReadStream.emit (node:events:512:28)
      at addChunk (node:internal/streams/readable:324:12)

npm manifest: 
  {
    "name": "spst-kniznica-api",
    "main": "./src/server.ts",
    "scripts": {
      "dev": "nodemon src/server.ts",
      "build": "npm run  migrate:deploy && tsc",
      "start": "node dist/server.js",
      "migrate:dev": "prisma migrate dev",
      "migrate:deploy": "prisma migrate deploy",
      "migrate:status": "prisma migrate status",
      "generate": "prisma generate"
    },
    "keywords": [
      "NodeJs",
      "Typescript",
      "Prisma",
      "PostgreSQL"
    ],
    "author": "Peter Dinis",
    "license": "ISC",
    "dependencies": {
      "@prisma/client": "^5.2.0",
      "bcrypt": "^5.1.0",
      "compression": "^1.7.4",
      "cors": "^2.8.5",
      "dayjs": "^1.11.7",
      "dotenv": "^16.0.3",
      "errorhandler": "^1.5.1",
      "express": "^4.18.2",
      "helmet": "^6.0.1",
      "jsonwebtoken": "^9.0.0",
      "morgan": "^1.10.0",
      "prisma-paginate": "^4.2.2",
      "rimraf": "^5.0.1",
      "zod": "^3.20.2"
    },
    "devDependencies": {
      "@types/bcrypt": "^5.0.0",
      "@types/compression": "^1.7.2",
      "@types/cors": "^2.8.13",
      "@types/dotenv": "^8.2.0",
      "@types/errorhandler": "^1.5.0",
      "@types/express": "^4.17.16",
      "@types/helmet": "^4.0.0",
      "@types/jsonwebtoken": "^9.0.1",
      "@types/morgan": "^1.9.4",
      "@types/node": "^20.5.1",
      "nodemon": "^2.0.22",
      "prisma": "^5.2.0",
      "ts-node": "^10.9.1",
      "typescript": "^5.1.3"
    }
  }

yarn manifest: 
  No manifest

Lockfile: 
  No lockfile
